2026-03-09 15:49:46,607 - discovery - INFO - User discovery started for bhil at 10.210.150.51
2026-03-09 15:49:46,607 - network - INFO - Network server started on port 5002
2026-03-09 15:49:54,470 - __main__ - ERROR - Error in main loop: name 'Fore' is not defined
2026-03-09 15:50:01,607 - discovery - ERROR - Error cleaning up inactive users: name 'Fore' is not defined
2026-03-09 15:53:40,583 - __main__ - ERROR - Error in main loop: name 'Fore' is not defined
2026-03-09 15:56:08,142 - discovery - INFO - User discovery stopped
2026-03-09 15:56:08,143 - network - INFO - Network server stopped
2026-03-09 16:42:16,886 - discovery - INFO - User discovery started for bhil€ at 10.210.150.51
2026-03-09 16:42:16,886 - network - INFO - Network server started on port 5002
2026-03-09 16:42:16,886 - __main__ - ERROR - Error in main loop: TerminalUI.show_main_interface() takes from 2 to 3 positional arguments but 4 were given
2026-03-09 16:42:17,886 - __main__ - ERROR - Error in main loop: TerminalUI.show_main_interface() takes from 2 to 3 positional arguments but 4 were given
2026-03-09 16:42:18,887 - __main__ - ERROR - Error in main loop: TerminalUI.show_main_interface() takes from 2 to 3 positional arguments but 4 were given
2026-03-09 16:42:19,888 - __main__ - ERROR - Error in main loop: TerminalUI.show_main_interface() takes from 2 to 3 positional arguments but 4 were given
2026-03-09 16:42:20,888 - __main__ - ERROR - Error in main loop: TerminalUI.show_main_interface() takes from 2 to 3 positional arguments but 4 were given
2026-03-09 16:42:21,889 - __main__ - ERROR - Error in main loop: TerminalUI.show_main_interface() takes from 2 to 3 positional arguments but 4 were given
2026-03-09 16:42:22,890 - __main__ - ERROR - Error in main loop: TerminalUI.show_main_interface() takes from 2 to 3 positional arguments but 4 were given
2026-03-09 16:42:23,891 - __main__ - ERROR - Error in main loop: TerminalUI.show_main_interface() takes from 2 to 3 positional arguments but 4 were given
2026-03-09 16:42:24,891 - __main__ - ERROR - Error in main loop: TerminalUI.show_main_interface() takes from 2 to 3 positional arguments but 4 were given
2026-03-09 16:42:25,892 - __main__ - ERROR - Error in main loop: TerminalUI.show_main_interface() takes from 2 to 3 positional arguments but 4 were given
2026-03-09 16:42:26,893 - __main__ - ERROR - Error in main loop: TerminalUI.show_main_interface() takes from 2 to 3 positional arguments but 4 were given
2026-03-09 16:42:27,278 - discovery - INFO - User discovery stopped
2026-03-09 16:42:27,278 - network - INFO - Network server stopped
2026-03-09 16:42:42,933 - discovery - INFO - User discovery started for bhil at 10.210.150.51
2026-03-09 16:42:42,933 - network - INFO - Network server started on port 5002
2026-03-09 16:42:42,934 - __main__ - ERROR - Error in main loop: TerminalUI.show_main_interface() takes from 2 to 3 positional arguments but 4 were given
2026-03-09 16:42:43,934 - __main__ - ERROR - Error in main loop: TerminalUI.show_main_interface() takes from 2 to 3 positional arguments but 4 were given
2026-03-09 16:42:44,934 - __main__ - ERROR - Error in main loop: TerminalUI.show_main_interface() takes from 2 to 3 positional arguments but 4 were given
2026-03-09 16:42:45,935 - __main__ - ERROR - Error in main loop: TerminalUI.show_main_interface() takes from 2 to 3 positional arguments but 4 were given
2026-03-09 16:42:46,935 - __main__ - ERROR - Error in main loop: TerminalUI.show_main_interface() takes from 2 to 3 positional arguments but 4 were given
2026-03-09 16:42:47,936 - __main__ - ERROR - Error in main loop: TerminalUI.show_main_interface() takes from 2 to 3 positional arguments but 4 were given
2026-03-09 16:42:48,936 - __main__ - ERROR - Error in main loop: TerminalUI.show_main_interface() takes from 2 to 3 positional arguments but 4 were given
2026-03-09 16:42:49,936 - __main__ - ERROR - Error in main loop: TerminalUI.show_main_interface() takes from 2 to 3 positional arguments but 4 were given
2026-03-09 16:42:50,937 - __main__ - ERROR - Error in main loop: TerminalUI.show_main_interface() takes from 2 to 3 positional arguments but 4 were given
2026-03-09 16:42:51,937 - __main__ - ERROR - Error in main loop: TerminalUI.show_main_interface() takes from 2 to 3 positional arguments but 4 were given
2026-03-09 16:42:52,938 - __main__ - ERROR - Error in main loop: TerminalUI.show_main_interface() takes from 2 to 3 positional arguments but 4 were given
2026-03-09 16:42:53,938 - __main__ - ERROR - Error in main loop: TerminalUI.show_main_interface() takes from 2 to 3 positional arguments but 4 were given
2026-03-09 16:42:54,610 - discovery - INFO - User discovery stopped
2026-03-09 16:42:54,610 - network - INFO - Network server stopped
2026-03-09 16:44:00,372 - discovery - INFO - User discovery started for bh at 10.210.150.51
2026-03-09 16:44:00,373 - network - INFO - Network server started on port 5002
2026-03-09 16:44:11,946 - discovery - INFO - User discovery stopped
2026-03-09 16:44:11,947 - network - INFO - Network server stopped
2026-03-09 16:50:07,653 - discovery - INFO - User discovery started for bh at 10.210.150.51
2026-03-09 16:50:07,653 - network - INFO - Network server started on port 5002
2026-03-09 16:50:14,196 - __main__ - ERROR - Error in main loop: name 'Fore' is not defined
2026-03-09 16:50:22,653 - discovery - ERROR - Error cleaning up inactive users: name 'Fore' is not defined
2026-03-09 16:50:33,821 - __main__ - ERROR - Error in main loop: name 'Fore' is not defined
2026-03-09 16:50:54,641 - discovery - INFO - User discovery stopped
2026-03-09 16:50:54,642 - network - INFO - Network server stopped
